2025-06-12 18:45:56 [restartedMain] INFO  c.e.E.ExamenFinalDubanLuwinApplication - Starting ExamenFinalDubanLuwinApplication using Java 17.0.12 with PID 5800 (C:\Users\Tardes.DESKTOP-4Q09SGH\Desktop\Luwin\SpringBoot\ExamenFinal\ExamenFinalDubanLuwin\target\classes started by Tardes in C:\Users\Tardes.DESKTOP-4Q09SGH\Desktop\Luwin\SpringBoot\ExamenFinal\ExamenFinalDubanLuwin)
2025-06-12 18:45:56 [restartedMain] INFO  c.e.E.ExamenFinalDubanLuwinApplication - No active profile set, falling back to 1 default profile: "default"
2025-06-12 18:45:56 [restartedMain] INFO  o.s.d.r.c.RepositoryConfigurationDelegate - Bootstrapping Spring Data JPA repositories in DEFAULT mode.
2025-06-12 18:45:56 [restartedMain] INFO  o.s.d.r.c.RepositoryConfigurationDelegate - Finished Spring Data repository scanning in 5 ms. Found 1 JPA repository interface.
2025-06-12 18:45:56 [restartedMain] INFO  o.s.b.w.e.tomcat.TomcatWebServer - Tomcat initialized with port 9090 (http)
2025-06-12 18:45:56 [restartedMain] INFO  o.a.catalina.core.StandardService - Starting service [Tomcat]
2025-06-12 18:45:56 [restartedMain] INFO  o.a.catalina.core.StandardEngine - Starting Servlet engine: [Apache Tomcat/10.1.41]
2025-06-12 18:45:56 [restartedMain] INFO  o.a.c.c.C.[Tomcat].[localhost].[/] - Initializing Spring embedded WebApplicationContext
2025-06-12 18:45:56 [restartedMain] INFO  o.s.b.w.s.c.ServletWebServerApplicationContext - Root WebApplicationContext: initialization completed in 280 ms
2025-06-12 18:45:57 [restartedMain] INFO  o.h.jpa.internal.util.LogHelper - HHH000204: Processing PersistenceUnitInfo [name: default]
2025-06-12 18:45:57 [restartedMain] INFO  o.h.c.i.RegionFactoryInitiator - HHH000026: Second-level cache disabled
2025-06-12 18:45:57 [restartedMain] INFO  o.s.o.j.p.SpringPersistenceUnitInfo - No LoadTimeWeaver setup: ignoring JPA class transformer
2025-06-12 18:45:57 [restartedMain] INFO  com.zaxxer.hikari.HikariDataSource - HikariPool-2 - Starting...
2025-06-12 18:45:57 [restartedMain] INFO  com.zaxxer.hikari.pool.HikariPool - HikariPool-2 - Added connection oracle.jdbc.driver.T4CConnection@4bb28214
2025-06-12 18:45:57 [restartedMain] INFO  com.zaxxer.hikari.HikariDataSource - HikariPool-2 - Start completed.
2025-06-12 18:45:57 [restartedMain] INFO  o.hibernate.orm.connections.pooling - HHH10001005: Database info:
	Database JDBC URL [Connecting through datasource 'HikariDataSource (HikariPool-2)']
	Database driver: undefined/unknown
	Database version: 21.3
	Autocommit mode: undefined/unknown
	Isolation level: undefined/unknown
	Minimum pool size: undefined/unknown
	Maximum pool size: undefined/unknown
2025-06-12 18:45:57 [restartedMain] INFO  o.h.e.t.j.p.i.JtaPlatformInitiator - HHH000489: No JTA platform available (set 'hibernate.transaction.jta.platform' to enable JTA platform integration)
2025-06-12 18:45:57 [restartedMain] INFO  o.s.o.j.LocalContainerEntityManagerFactoryBean - Initialized JPA EntityManagerFactory for persistence unit 'default'
2025-06-12 18:45:57 [restartedMain] WARN  o.s.b.a.o.j.JpaBaseConfiguration$JpaWebConfiguration - spring.jpa.open-in-view is enabled by default. Therefore, database queries may be performed during view rendering. Explicitly configure spring.jpa.open-in-view to disable this warning
2025-06-12 18:45:57 [restartedMain] INFO  o.s.b.d.a.OptionalLiveReloadServer - LiveReload server is running on port 35729
2025-06-12 18:45:57 [restartedMain] INFO  o.s.b.a.e.web.EndpointLinksResolver - Exposing 1 endpoint beneath base path '/actuator'
2025-06-12 18:45:57 [restartedMain] INFO  o.s.b.w.e.tomcat.TomcatWebServer - Tomcat started on port 9090 (http) with context path '/'
2025-06-12 18:45:57 [restartedMain] INFO  c.e.E.ExamenFinalDubanLuwinApplication - Started ExamenFinalDubanLuwinApplication in 0.833 seconds (process running for 131.126)
2025-06-12 18:45:57 [restartedMain] INFO  o.s.b.d.a.ConditionEvaluationDeltaLoggingListener - Condition evaluation unchanged
2025-06-12 18:46:23 [http-nio-9090-exec-1] INFO  o.a.c.c.C.[Tomcat].[localhost].[/] - Initializing Spring DispatcherServlet 'dispatcherServlet'
2025-06-12 18:46:23 [http-nio-9090-exec-1] INFO  o.s.web.servlet.DispatcherServlet - Initializing Servlet 'dispatcherServlet'
2025-06-12 18:46:23 [http-nio-9090-exec-1] INFO  o.s.web.servlet.DispatcherServlet - Completed initialization in 0 ms
2025-06-12 18:46:23 [http-nio-9090-exec-1] INFO  c.e.E.controllers.UsuarioController - Pasando por GetMapping /inicio
2025-06-12 18:46:25 [http-nio-9090-exec-2] INFO  c.e.E.controllers.UsuarioController - Pasando por PostMapping /registrarUsuario
2025-06-12 18:46:25 [http-nio-9090-exec-2] ERROR c.e.E.controllers.UsuarioController - La edad del usuario: Luwin, con ID: null, es menor de 18 años.
2025-06-12 18:46:26 [http-nio-9090-exec-3] INFO  c.e.E.controllers.UsuarioController - Pasando por GetMapping /inicio
2025-06-12 18:46:27 [http-nio-9090-exec-4] INFO  c.e.E.controllers.UsuarioController - Pasando por GetMapping /usuarios
2025-06-12 18:46:27 [http-nio-9090-exec-4] INFO  c.e.E.controllers.UsuarioController - Entrando la clase Usuario Service, obteniendo todos los usuarios de la base de datos.
2025-06-12 18:46:27 [http-nio-9090-exec-4] DEBUG org.hibernate.SQL - select ue1_0.id,ue1_0.apellido,ue1_0.dni,ue1_0.fecha_nacimiento,ue1_0.nombre,ue1_0.tipo from tabla_usuario ue1_0
2025-06-12 18:46:28 [http-nio-9090-exec-5] INFO  c.e.E.controllers.UsuarioController - Pasando por GetMapping /usuarios
2025-06-12 18:46:28 [http-nio-9090-exec-5] INFO  c.e.E.controllers.UsuarioController - Entrando la clase Usuario Service, obteniendo todos los usuarios de la base de datos.
2025-06-12 18:46:28 [http-nio-9090-exec-5] DEBUG org.hibernate.SQL - select ue1_0.id,ue1_0.apellido,ue1_0.dni,ue1_0.fecha_nacimiento,ue1_0.nombre,ue1_0.tipo from tabla_usuario ue1_0
2025-06-12 18:46:29 [http-nio-9090-exec-6] INFO  c.e.E.controllers.UsuarioController - Pasando por GetMapping /usuarios
2025-06-12 18:46:29 [http-nio-9090-exec-6] INFO  c.e.E.controllers.UsuarioController - Entrando la clase Usuario Service, buscarUsuarios()
2025-06-12 18:46:29 [http-nio-9090-exec-6] DEBUG org.hibernate.SQL - select ue1_0.id,ue1_0.apellido,ue1_0.dni,ue1_0.fecha_nacimiento,ue1_0.nombre,ue1_0.tipo from tabla_usuario ue1_0 where upper(ue1_0.tipo)=upper(?)
2025-06-12 18:46:30 [http-nio-9090-exec-7] INFO  c.e.E.controllers.UsuarioController - Pasando por GetMapping /usuarios
2025-06-12 18:46:30 [http-nio-9090-exec-7] INFO  c.e.E.controllers.UsuarioController - Entrando la clase Usuario Service, buscarUsuarios()
2025-06-12 18:46:30 [http-nio-9090-exec-7] DEBUG org.hibernate.SQL - select ue1_0.id,ue1_0.apellido,ue1_0.dni,ue1_0.fecha_nacimiento,ue1_0.nombre,ue1_0.tipo from tabla_usuario ue1_0 where upper(ue1_0.nombre) like upper(?) escape '\'
2025-06-12 18:48:09 [File Watcher] INFO  o.s.b.d.a.LocalDevToolsAutoConfiguration$RestartingClassPathChangeChangedEventListener - Restarting due to 1 class path change (0 additions, 0 deletions, 1 modification)
2025-06-12 18:48:09 [Thread-9] INFO  o.s.b.w.e.tomcat.GracefulShutdown - Commencing graceful shutdown. Waiting for active requests to complete
2025-06-12 18:48:09 [tomcat-shutdown] INFO  o.s.b.w.e.tomcat.GracefulShutdown - Graceful shutdown complete
2025-06-12 18:48:09 [Thread-9] INFO  o.s.o.j.LocalContainerEntityManagerFactoryBean - Closing JPA EntityManagerFactory for persistence unit 'default'
2025-06-12 18:48:09 [Thread-9] INFO  com.zaxxer.hikari.HikariDataSource - HikariPool-2 - Shutdown initiated...
2025-06-12 18:48:09 [Thread-9] INFO  com.zaxxer.hikari.HikariDataSource - HikariPool-2 - Shutdown completed.
2025-06-12 18:48:09 [restartedMain] INFO  c.e.E.ExamenFinalDubanLuwinApplication - Starting ExamenFinalDubanLuwinApplication using Java 17.0.12 with PID 5800 (C:\Users\Tardes.DESKTOP-4Q09SGH\Desktop\Luwin\SpringBoot\ExamenFinal\ExamenFinalDubanLuwin\target\classes started by Tardes in C:\Users\Tardes.DESKTOP-4Q09SGH\Desktop\Luwin\SpringBoot\ExamenFinal\ExamenFinalDubanLuwin)
2025-06-12 18:48:09 [restartedMain] INFO  c.e.E.ExamenFinalDubanLuwinApplication - No active profile set, falling back to 1 default profile: "default"
2025-06-12 18:48:09 [restartedMain] INFO  o.s.d.r.c.RepositoryConfigurationDelegate - Bootstrapping Spring Data JPA repositories in DEFAULT mode.
2025-06-12 18:48:09 [restartedMain] INFO  o.s.d.r.c.RepositoryConfigurationDelegate - Finished Spring Data repository scanning in 6 ms. Found 1 JPA repository interface.
2025-06-12 18:48:09 [restartedMain] INFO  o.s.b.w.e.tomcat.TomcatWebServer - Tomcat initialized with port 9090 (http)
2025-06-12 18:48:09 [restartedMain] INFO  o.a.catalina.core.StandardService - Starting service [Tomcat]
2025-06-12 18:48:09 [restartedMain] INFO  o.a.catalina.core.StandardEngine - Starting Servlet engine: [Apache Tomcat/10.1.41]
2025-06-12 18:48:09 [restartedMain] INFO  o.a.c.c.C.[Tomcat].[localhost].[/] - Initializing Spring embedded WebApplicationContext
2025-06-12 18:48:09 [restartedMain] INFO  o.s.b.w.s.c.ServletWebServerApplicationContext - Root WebApplicationContext: initialization completed in 220 ms
2025-06-12 18:48:09 [restartedMain] INFO  o.h.jpa.internal.util.LogHelper - HHH000204: Processing PersistenceUnitInfo [name: default]
2025-06-12 18:48:09 [restartedMain] INFO  o.h.c.i.RegionFactoryInitiator - HHH000026: Second-level cache disabled
2025-06-12 18:48:09 [restartedMain] INFO  o.s.o.j.p.SpringPersistenceUnitInfo - No LoadTimeWeaver setup: ignoring JPA class transformer
2025-06-12 18:48:09 [restartedMain] INFO  com.zaxxer.hikari.HikariDataSource - HikariPool-3 - Starting...
2025-06-12 18:48:09 [restartedMain] INFO  com.zaxxer.hikari.pool.HikariPool - HikariPool-3 - Added connection oracle.jdbc.driver.T4CConnection@4e7c182b
2025-06-12 18:48:09 [restartedMain] INFO  com.zaxxer.hikari.HikariDataSource - HikariPool-3 - Start completed.
2025-06-12 18:48:09 [restartedMain] INFO  o.hibernate.orm.connections.pooling - HHH10001005: Database info:
	Database JDBC URL [Connecting through datasource 'HikariDataSource (HikariPool-3)']
	Database driver: undefined/unknown
	Database version: 21.3
	Autocommit mode: undefined/unknown
	Isolation level: undefined/unknown
	Minimum pool size: undefined/unknown
	Maximum pool size: undefined/unknown
2025-06-12 18:48:09 [restartedMain] INFO  o.h.e.t.j.p.i.JtaPlatformInitiator - HHH000489: No JTA platform available (set 'hibernate.transaction.jta.platform' to enable JTA platform integration)
2025-06-12 18:48:09 [restartedMain] INFO  o.s.o.j.LocalContainerEntityManagerFactoryBean - Initialized JPA EntityManagerFactory for persistence unit 'default'
2025-06-12 18:48:09 [restartedMain] WARN  o.s.b.a.o.j.JpaBaseConfiguration$JpaWebConfiguration - spring.jpa.open-in-view is enabled by default. Therefore, database queries may be performed during view rendering. Explicitly configure spring.jpa.open-in-view to disable this warning
2025-06-12 18:48:10 [restartedMain] INFO  o.s.b.d.a.OptionalLiveReloadServer - LiveReload server is running on port 35729
2025-06-12 18:48:10 [restartedMain] INFO  o.s.b.a.e.web.EndpointLinksResolver - Exposing 1 endpoint beneath base path '/actuator'
2025-06-12 18:48:10 [restartedMain] INFO  o.s.b.w.e.tomcat.TomcatWebServer - Tomcat started on port 9090 (http) with context path '/'
2025-06-12 18:48:10 [restartedMain] INFO  c.e.E.ExamenFinalDubanLuwinApplication - Started ExamenFinalDubanLuwinApplication in 0.627 seconds (process running for 263.765)
2025-06-12 18:48:10 [restartedMain] INFO  o.s.b.d.a.ConditionEvaluationDeltaLoggingListener - Condition evaluation unchanged
2025-06-12 18:48:11 [File Watcher] INFO  o.s.b.d.a.LocalDevToolsAutoConfiguration$RestartingClassPathChangeChangedEventListener - Restarting due to 1 class path change (0 additions, 0 deletions, 1 modification)
2025-06-12 18:48:11 [Thread-15] INFO  o.s.b.w.e.tomcat.GracefulShutdown - Commencing graceful shutdown. Waiting for active requests to complete
2025-06-12 18:48:11 [tomcat-shutdown] INFO  o.s.b.w.e.tomcat.GracefulShutdown - Graceful shutdown complete
2025-06-12 18:48:11 [Thread-15] INFO  o.s.o.j.LocalContainerEntityManagerFactoryBean - Closing JPA EntityManagerFactory for persistence unit 'default'
2025-06-12 18:48:11 [Thread-15] INFO  com.zaxxer.hikari.HikariDataSource - HikariPool-3 - Shutdown initiated...
2025-06-12 18:48:11 [Thread-15] INFO  com.zaxxer.hikari.HikariDataSource - HikariPool-3 - Shutdown completed.
2025-06-12 18:48:11 [restartedMain] INFO  c.e.E.ExamenFinalDubanLuwinApplication - Starting ExamenFinalDubanLuwinApplication using Java 17.0.12 with PID 5800 (C:\Users\Tardes.DESKTOP-4Q09SGH\Desktop\Luwin\SpringBoot\ExamenFinal\ExamenFinalDubanLuwin\target\classes started by Tardes in C:\Users\Tardes.DESKTOP-4Q09SGH\Desktop\Luwin\SpringBoot\ExamenFinal\ExamenFinalDubanLuwin)
2025-06-12 18:48:11 [restartedMain] INFO  c.e.E.ExamenFinalDubanLuwinApplication - No active profile set, falling back to 1 default profile: "default"
2025-06-12 18:48:11 [restartedMain] INFO  o.s.d.r.c.RepositoryConfigurationDelegate - Bootstrapping Spring Data JPA repositories in DEFAULT mode.
2025-06-12 18:48:11 [restartedMain] INFO  o.s.d.r.c.RepositoryConfigurationDelegate - Finished Spring Data repository scanning in 5 ms. Found 1 JPA repository interface.
2025-06-12 18:48:11 [restartedMain] INFO  o.s.b.w.e.tomcat.TomcatWebServer - Tomcat initialized with port 9090 (http)
2025-06-12 18:48:11 [restartedMain] INFO  o.a.catalina.core.StandardService - Starting service [Tomcat]
2025-06-12 18:48:11 [restartedMain] INFO  o.a.catalina.core.StandardEngine - Starting Servlet engine: [Apache Tomcat/10.1.41]
2025-06-12 18:48:11 [restartedMain] INFO  o.a.c.c.C.[Tomcat].[localhost].[/] - Initializing Spring embedded WebApplicationContext
2025-06-12 18:48:11 [restartedMain] INFO  o.s.b.w.s.c.ServletWebServerApplicationContext - Root WebApplicationContext: initialization completed in 257 ms
2025-06-12 18:48:11 [restartedMain] INFO  o.h.jpa.internal.util.LogHelper - HHH000204: Processing PersistenceUnitInfo [name: default]
2025-06-12 18:48:11 [restartedMain] INFO  o.h.c.i.RegionFactoryInitiator - HHH000026: Second-level cache disabled
2025-06-12 18:48:11 [restartedMain] INFO  o.s.o.j.p.SpringPersistenceUnitInfo - No LoadTimeWeaver setup: ignoring JPA class transformer
2025-06-12 18:48:11 [restartedMain] INFO  com.zaxxer.hikari.HikariDataSource - HikariPool-4 - Starting...
2025-06-12 18:48:11 [restartedMain] INFO  com.zaxxer.hikari.pool.HikariPool - HikariPool-4 - Added connection oracle.jdbc.driver.T4CConnection@c83e2e4
2025-06-12 18:48:11 [restartedMain] INFO  com.zaxxer.hikari.HikariDataSource - HikariPool-4 - Start completed.
2025-06-12 18:48:11 [restartedMain] INFO  o.hibernate.orm.connections.pooling - HHH10001005: Database info:
	Database JDBC URL [Connecting through datasource 'HikariDataSource (HikariPool-4)']
	Database driver: undefined/unknown
	Database version: 21.3
	Autocommit mode: undefined/unknown
	Isolation level: undefined/unknown
	Minimum pool size: undefined/unknown
	Maximum pool size: undefined/unknown
2025-06-12 18:48:11 [restartedMain] INFO  o.h.e.t.j.p.i.JtaPlatformInitiator - HHH000489: No JTA platform available (set 'hibernate.transaction.jta.platform' to enable JTA platform integration)
2025-06-12 18:48:12 [restartedMain] INFO  o.s.o.j.LocalContainerEntityManagerFactoryBean - Initialized JPA EntityManagerFactory for persistence unit 'default'
2025-06-12 18:48:12 [restartedMain] WARN  o.s.b.a.o.j.JpaBaseConfiguration$JpaWebConfiguration - spring.jpa.open-in-view is enabled by default. Therefore, database queries may be performed during view rendering. Explicitly configure spring.jpa.open-in-view to disable this warning
2025-06-12 18:48:12 [restartedMain] INFO  o.s.b.d.a.OptionalLiveReloadServer - LiveReload server is running on port 35729
2025-06-12 18:48:12 [restartedMain] INFO  o.s.b.a.e.web.EndpointLinksResolver - Exposing 1 endpoint beneath base path '/actuator'
2025-06-12 18:48:12 [restartedMain] INFO  o.s.b.w.e.tomcat.TomcatWebServer - Tomcat started on port 9090 (http) with context path '/'
2025-06-12 18:48:12 [restartedMain] INFO  c.e.E.ExamenFinalDubanLuwinApplication - Started ExamenFinalDubanLuwinApplication in 0.674 seconds (process running for 265.951)
2025-06-12 18:48:12 [restartedMain] INFO  o.s.b.d.a.ConditionEvaluationDeltaLoggingListener - Condition evaluation unchanged
2025-06-12 18:48:16 [http-nio-9090-exec-1] INFO  o.a.c.c.C.[Tomcat].[localhost].[/] - Initializing Spring DispatcherServlet 'dispatcherServlet'
2025-06-12 18:48:16 [http-nio-9090-exec-1] INFO  o.s.web.servlet.DispatcherServlet - Initializing Servlet 'dispatcherServlet'
2025-06-12 18:48:16 [http-nio-9090-exec-1] INFO  o.s.web.servlet.DispatcherServlet - Completed initialization in 1 ms
2025-06-12 18:48:16 [http-nio-9090-exec-1] INFO  c.e.E.controllers.UsuarioController - Pasando por GetMapping /usuarios
2025-06-12 18:48:16 [http-nio-9090-exec-1] INFO  c.e.E.controllers.UsuarioController - Entrando la clase Usuario Service, buscarUsuarios()
2025-06-12 18:48:16 [http-nio-9090-exec-1] DEBUG org.hibernate.SQL - select ue1_0.id,ue1_0.apellido,ue1_0.dni,ue1_0.fecha_nacimiento,ue1_0.nombre,ue1_0.tipo from tabla_usuario ue1_0 where upper(ue1_0.nombre) like upper(?) escape '\'
2025-06-12 18:48:17 [http-nio-9090-exec-2] INFO  c.e.E.controllers.UsuarioController - Pasando por GetMapping /usuarios
2025-06-12 18:48:17 [http-nio-9090-exec-2] INFO  c.e.E.controllers.UsuarioController - Entrando la clase Usuario Service, buscarUsuarios()
2025-06-12 18:48:17 [http-nio-9090-exec-2] DEBUG org.hibernate.SQL - select ue1_0.id,ue1_0.apellido,ue1_0.dni,ue1_0.fecha_nacimiento,ue1_0.nombre,ue1_0.tipo from tabla_usuario ue1_0 where upper(ue1_0.nombre) like upper(?) escape '\'
2025-06-12 18:48:22 [http-nio-9090-exec-4] INFO  c.e.E.controllers.UsuarioController - Pasando por GetMapping /usuarios
2025-06-12 18:48:22 [http-nio-9090-exec-4] INFO  c.e.E.controllers.UsuarioController - Entrando la clase Usuario Service, buscarUsuarios()
2025-06-12 18:48:22 [http-nio-9090-exec-4] DEBUG org.hibernate.SQL - select ue1_0.id,ue1_0.apellido,ue1_0.dni,ue1_0.fecha_nacimiento,ue1_0.nombre,ue1_0.tipo from tabla_usuario ue1_0 where upper(ue1_0.nombre) like upper(?) escape '\' and upper(ue1_0.tipo)=upper(?)
2025-06-12 18:48:24 [http-nio-9090-exec-3] INFO  c.e.E.controllers.UsuarioController - Pasando por GetMapping /usuarios
2025-06-12 18:48:24 [http-nio-9090-exec-3] INFO  c.e.E.controllers.UsuarioController - Entrando la clase Usuario Service, buscarUsuarios()
2025-06-12 18:48:24 [http-nio-9090-exec-3] DEBUG org.hibernate.SQL - select ue1_0.id,ue1_0.apellido,ue1_0.dni,ue1_0.fecha_nacimiento,ue1_0.nombre,ue1_0.tipo from tabla_usuario ue1_0 where upper(ue1_0.tipo)=upper(?)
2025-06-12 18:48:45 [http-nio-9090-exec-6] INFO  c.e.E.controllers.UsuarioController - Pasando por GetMapping /inicio
